# JRE version: OpenJDK Runtime Environment Temurin-21.0.8+9 (21.0.8+9) (build 21.0.8+9-LTS)
# Java VM: OpenJDK 64-Bit Server VM Temurin-21.0.8+9 (21.0.8+9-LTS, mixed mode, sharing, tiered, compressed oops, compressed class ptrs, parallel gc, windows-amd64)
GC Precious Log:
 CardTable entry size: 512
 CPUs: 12 total, 12 available
 Memory: 23953M
 Large Page Support: Disabled
 NUMA Support: Disabled
 Compressed Oops: Enabled (32-bit)
 Alignments: Space 512K, Generation 512K, Heap 2M
 Heap Min Capacity: 100M
 Heap Initial Capacity: 100M
 Heap Max Capacity: 2G
 Pre-touch: Disabled
 Parallel Workers: 10
Heap:
 PSYoungGen      total 3584K, used 3240K [0x00000000d5580000, 0x00000000d5a00000, 0x0000000100000000)
  eden space 2560K, 100% used [0x00000000d5580000,0x00000000d5800000,0x00000000d5800000)
  from space 1024K, 66% used [0x00000000d5800000,0x00000000d58aa0f0,0x00000000d5900000)
  to   space 1024K, 73% used [0x00000000d5900000,0x00000000d59bd418,0x00000000d5a00000)
 ParOldGen       total 179712K, used 179380K [0x0000000080000000, 0x000000008af80000, 0x00000000d5580000)
  object space 179712K, 99% used [0x0000000080000000,0x000000008af2d2f0,0x000000008af80000)
 Metaspace       used 72517K, committed 74112K, reserved 1114112K
  class space    used 8981K, committed 9664K, reserved 1048576K
GC Heap History (20 events):
Event: 123.794 GC heap before
{Heap before GC invocations=379 (full 3):
 PSYoungGen      total 3584K, used 3298K [0x00000000d5580000, 0x00000000d5a00000, 0x0000000100000000)
  eden space 2560K, 100% used [0x00000000d5580000,0x00000000d5800000,0x00000000d5800000)
  from space 1024K, 72% used [0x00000000d5800000,0x00000000d58b8830,0x00000000d5900000)
  to   space 1024K, 0% used [0x00000000d5900000,0x00000000d5900000,0x00000000d5a00000)
 ParOldGen       total 173568K, used 173249K [0x0000000080000000, 0x000000008a980000, 0x00000000d5580000)
  object space 173568K, 99% used [0x0000000080000000,0x000000008a930428,0x000000008a980000)
 Metaspace       used 72517K, committed 74112K, reserved 1114112K
  class space    used 8981K, committed 9664K, reserved 1048576K
}
Event: 123.795 GC heap after
{Heap after GC invocations=379 (full 3):
 PSYoungGen      total 3584K, used 742K [0x00000000d5580000, 0x00000000d5a00000, 0x0000000100000000)
  eden space 2560K, 0% used [0x00000000d5580000,0x00000000d5580000,0x00000000d5800000)
  from space 1024K, 72% used [0x00000000d5900000,0x00000000d59b99a0,0x00000000d5a00000)
  to   space 1024K, 0% used [0x00000000d5800000,0x00000000d5800000,0x00000000d5900000)
 ParOldGen       total 174080K, used 173839K [0x0000000080000000, 0x000000008aa00000, 0x00000000d5580000)
  object space 174080K, 99% used [0x0000000080000000,0x000000008a9c3f80,0x000000008aa00000)
 Metaspace       used 72517K, committed 74112K, reserved 1114112K
  class space    used 8981K, committed 9664K, reserved 1048576K
}
Event: 123.805 GC heap before
{Heap before GC invocations=380 (full 3):
 PSYoungGen      total 3584K, used 3302K [0x00000000d5580000, 0x00000000d5a00000, 0x0000000100000000)
  eden space 2560K, 100% used [0x00000000d5580000,0x00000000d5800000,0x00000000d5800000)
  from space 1024K, 72% used [0x00000000d5900000,0x00000000d59b99a0,0x00000000d5a00000)
  to   space 1024K, 0% used [0x00000000d5800000,0x00000000d5800000,0x00000000d5900000)
 ParOldGen       total 174080K, used 173839K [0x0000000080000000, 0x000000008aa00000, 0x00000000d5580000)
  object space 174080K, 99% used [0x0000000080000000,0x000000008a9c3f80,0x000000008aa00000)
 Metaspace       used 72517K, committed 74112K, reserved 1114112K
  class space    used 8981K, committed 9664K, reserved 1048576K
}
Event: 123.806 GC heap after
{Heap after GC invocations=380 (full 3):
 PSYoungGen      total 3584K, used 736K [0x00000000d5580000, 0x00000000d5a00000, 0x0000000100000000)
  eden space 2560K, 0% used [0x00000000d5580000,0x00000000d5580000,0x00000000d5800000)
  from space 1024K, 71% used [0x00000000d5800000,0x00000000d58b8000,0x00000000d5900000)
  to   space 1024K, 0% used [0x00000000d5900000,0x00000000d5900000,0x00000000d5a00000)
 ParOldGen       total 174592K, used 174417K [0x0000000080000000, 0x000000008aa80000, 0x00000000d5580000)
  object space 174592K, 99% used [0x0000000080000000,0x000000008aa547e8,0x000000008aa80000)
 Metaspace       used 72517K, committed 74112K, reserved 1114112K
  class space    used 8981K, committed 9664K, reserved 1048576K
}
Event: 123.815 GC heap before
{Heap before GC invocations=381 (full 3):
 PSYoungGen      total 3584K, used 3296K [0x00000000d5580000, 0x00000000d5a00000, 0x0000000100000000)
  eden space 2560K, 100% used [0x00000000d5580000,0x00000000d5800000,0x00000000d5800000)
  from space 1024K, 71% used [0x00000000d5800000,0x00000000d58b8000,0x00000000d5900000)
  to   space 1024K, 0% used [0x00000000d5900000,0x00000000d5900000,0x00000000d5a00000)
 ParOldGen       total 174592K, used 174417K [0x0000000080000000, 0x000000008aa80000, 0x00000000d5580000)
  object space 174592K, 99% used [0x0000000080000000,0x000000008aa547e8,0x000000008aa80000)
 Metaspace       used 72517K, committed 74112K, reserved 1114112K
  class space    used 8981K, committed 9664K, reserved 1048576K
}
Event: 123.817 GC heap after
{Heap after GC invocations=381 (full 3):
 PSYoungGen      total 3584K, used 765K [0x00000000d5580000, 0x00000000d5a00000, 0x0000000100000000)
  eden space 2560K, 0% used [0x00000000d5580000,0x00000000d5580000,0x00000000d5800000)
  from space 1024K, 74% used [0x00000000d5900000,0x00000000d59bf5c0,0x00000000d5a00000)
  to   space 1024K, 0% used [0x00000000d5800000,0x00000000d5800000,0x00000000d5900000)
 ParOldGen       total 175104K, used 174990K [0x0000000080000000, 0x000000008ab00000, 0x00000000d5580000)
  object space 175104K, 99% used [0x0000000080000000,0x000000008aae38f8,0x000000008ab00000)
 Metaspace       used 72517K, committed 74112K, reserved 1114112K
  class space    used 8981K, committed 9664K, reserved 1048576K
}
Event: 123.827 GC heap before
{Heap before GC invocations=382 (full 3):
 PSYoungGen      total 3584K, used 3325K [0x00000000d5580000, 0x00000000d5a00000, 0x0000000100000000)
  eden space 2560K, 100% used [0x00000000d5580000,0x00000000d5800000,0x00000000d5800000)
  from space 1024K, 74% used [0x00000000d5900000,0x00000000d59bf5c0,0x00000000d5a00000)
  to   space 1024K, 0% used [0x00000000d5800000,0x00000000d5800000,0x00000000d5900000)
 ParOldGen       total 175104K, used 174990K [0x0000000080000000, 0x000000008ab00000, 0x00000000d5580000)
  object space 175104K, 99% used [0x0000000080000000,0x000000008aae38f8,0x000000008ab00000)
 Metaspace       used 72517K, committed 74112K, reserved 1114112K
  class space    used 8981K, committed 9664K, reserved 1048576K
}
Event: 123.828 GC heap after
{Heap after GC invocations=382 (full 3):
 PSYoungGen      total 3584K, used 691K [0x00000000d5580000, 0x00000000d5a00000, 0x0000000100000000)
  eden space 2560K, 0% used [0x00000000d5580000,0x00000000d5580000,0x00000000d5800000)
  from space 1024K, 67% used [0x00000000d5800000,0x00000000d58ace60,0x00000000d5900000)
  to   space 1024K, 0% used [0x00000000d5900000,0x00000000d5900000,0x00000000d5a00000)
 ParOldGen       total 175616K, used 175609K [0x0000000080000000, 0x000000008ab80000, 0x00000000d5580000)
  object space 175616K, 99% used [0x0000000080000000,0x000000008ab7e530,0x000000008ab80000)
 Metaspace       used 72517K, committed 74112K, reserved 1114112K
  class space    used 8981K, committed 9664K, reserved 1048576K
}
Event: 123.841 GC heap before
{Heap before GC invocations=383 (full 3):
 PSYoungGen      total 3584K, used 3251K [0x00000000d5580000, 0x00000000d5a00000, 0x0000000100000000)
  eden space 2560K, 100% used [0x00000000d5580000,0x00000000d5800000,0x00000000d5800000)
  from space 1024K, 67% used [0x00000000d5800000,0x00000000d58ace60,0x00000000d5900000)
  to   space 1024K, 0% used [0x00000000d5900000,0x00000000d5900000,0x00000000d5a00000)
 ParOldGen       total 175616K, used 175609K [0x0000000080000000, 0x000000008ab80000, 0x00000000d5580000)
  object space 175616K, 99% used [0x0000000080000000,0x000000008ab7e530,0x000000008ab80000)
 Metaspace       used 72517K, committed 74112K, reserved 1114112K
  class space    used 8981K, committed 9664K, reserved 1048576K
}
Event: 123.842 GC heap after
{Heap after GC invocations=383 (full 3):
 PSYoungGen      total 3584K, used 816K [0x00000000d5580000, 0x00000000d5a00000, 0x0000000100000000)
  eden space 2560K, 0% used [0x00000000d5580000,0x00000000d5580000,0x00000000d5800000)
  from space 1024K, 79% used [0x00000000d5900000,0x00000000d59cc120,0x00000000d5a00000)
  to   space 1024K, 0% used [0x00000000d5800000,0x00000000d5800000,0x00000000d5900000)
 ParOldGen       total 176640K, used 176134K [0x0000000080000000, 0x000000008ac80000, 0x00000000d5580000)
  object space 176640K, 99% used [0x0000000080000000,0x000000008ac01800,0x000000008ac80000)
 Metaspace       used 72517K, committed 74112K, reserved 1114112K
  class space    used 8981K, committed 9664K, reserved 1048576K
}
Event: 123.853 GC heap before
{Heap before GC invocations=384 (full 3):
 PSYoungGen      total 3584K, used 3376K [0x00000000d5580000, 0x00000000d5a00000, 0x0000000100000000)
  eden space 2560K, 100% used [0x00000000d5580000,0x00000000d5800000,0x00000000d5800000)
  from space 1024K, 79% used [0x00000000d5900000,0x00000000d59cc120,0x00000000d5a00000)
  to   space 1024K, 0% used [0x00000000d5800000,0x00000000d5800000,0x00000000d5900000)
 ParOldGen       total 176640K, used 176134K [0x0000000080000000, 0x000000008ac80000, 0x00000000d5580000)
  object space 176640K, 99% used [0x0000000080000000,0x000000008ac01800,0x000000008ac80000)
 Metaspace       used 72517K, committed 74112K, reserved 1114112K
  class space    used 8981K, committed 9664K, reserved 1048576K
}
Event: 123.854 GC heap after
{Heap after GC invocations=384 (full 3):
 PSYoungGen      total 3584K, used 754K [0x00000000d5580000, 0x00000000d5a00000, 0x0000000100000000)
  eden space 2560K, 0% used [0x00000000d5580000,0x00000000d5580000,0x00000000d5800000)
  from space 1024K, 73% used [0x00000000d5800000,0x00000000d58bca10,0x00000000d5900000)
  to   space 1024K, 0% used [0x00000000d5900000,0x00000000d5900000,0x00000000d5a00000)
 ParOldGen       total 177152K, used 176723K [0x0000000080000000, 0x000000008ad00000, 0x00000000d5580000)
  object space 177152K, 99% used [0x0000000080000000,0x000000008ac94ce8,0x000000008ad00000)
 Metaspace       used 72517K, committed 74112K, reserved 1114112K
  class space    used 8981K, committed 9664K, reserved 1048576K
}
Event: 123.873 GC heap before
{Heap before GC invocations=385 (full 3):
 PSYoungGen      total 3584K, used 3314K [0x00000000d5580000, 0x00000000d5a00000, 0x0000000100000000)
  eden space 2560K, 100% used [0x00000000d5580000,0x00000000d5800000,0x00000000d5800000)
  from space 1024K, 73% used [0x00000000d5800000,0x00000000d58bca10,0x00000000d5900000)
  to   space 1024K, 0% used [0x00000000d5900000,0x00000000d5900000,0x00000000d5a00000)
 ParOldGen       total 177152K, used 176723K [0x0000000080000000, 0x000000008ad00000, 0x00000000d5580000)
  object space 177152K, 99% used [0x0000000080000000,0x000000008ac94ce8,0x000000008ad00000)
 Metaspace       used 72517K, committed 74112K, reserved 1114112K
  class space    used 8981K, committed 9664K, reserved 1048576K
}
Event: 123.874 GC heap after
{Heap after GC invocations=385 (full 3):
 PSYoungGen      total 3584K, used 668K [0x00000000d5580000, 0x00000000d5a00000, 0x0000000100000000)
  eden space 2560K, 0% used [0x00000000d5580000,0x00000000d5580000,0x00000000d5800000)
  from space 1024K, 65% used [0x00000000d5900000,0x00000000d59a7390,0x00000000d5a00000)
  to   space 1024K, 0% used [0x00000000d5800000,0x00000000d5800000,0x00000000d5900000)
 ParOldGen       total 177664K, used 177285K [0x0000000080000000, 0x000000008ad80000, 0x00000000d5580000)
  object space 177664K, 99% used [0x0000000080000000,0x000000008ad21568,0x000000008ad80000)
 Metaspace       used 72517K, committed 74112K, reserved 1114112K
  class space    used 8981K, committed 9664K, reserved 1048576K
}
Event: 123.885 GC heap before
{Heap before GC invocations=386 (full 3):
 PSYoungGen      total 3584K, used 3228K [0x00000000d5580000, 0x00000000d5a00000, 0x0000000100000000)
  eden space 2560K, 100% used [0x00000000d5580000,0x00000000d5800000,0x00000000d5800000)
  from space 1024K, 65% used [0x00000000d5900000,0x00000000d59a7390,0x00000000d5a00000)
  to   space 1024K, 0% used [0x00000000d5800000,0x00000000d5800000,0x00000000d5900000)
 ParOldGen       total 177664K, used 177285K [0x0000000080000000, 0x000000008ad80000, 0x00000000d5580000)
  object space 177664K, 99% used [0x0000000080000000,0x000000008ad21568,0x000000008ad80000)
 Metaspace       used 72517K, committed 74112K, reserved 1114112K
  class space    used 8981K, committed 9664K, reserved 1048576K
}
Event: 123.887 GC heap after
{Heap after GC invocations=386 (full 3):
 PSYoungGen      total 3584K, used 714K [0x00000000d5580000, 0x00000000d5a00000, 0x0000000100000000)
  eden space 2560K, 0% used [0x00000000d5580000,0x00000000d5580000,0x00000000d5800000)
  from space 1024K, 69% used [0x00000000d5800000,0x00000000d58b2888,0x00000000d5900000)
  to   space 1024K, 0% used [0x00000000d5900000,0x00000000d5900000,0x00000000d5a00000)
 ParOldGen       total 178176K, used 177804K [0x0000000080000000, 0x000000008ae00000, 0x00000000d5580000)
  object space 178176K, 99% used [0x0000000080000000,0x000000008ada33a0,0x000000008ae00000)
 Metaspace       used 72517K, committed 74112K, reserved 1114112K
  class space    used 8981K, committed 9664K, reserved 1048576K
}
Event: 123.895 GC heap before
{Heap before GC invocations=387 (full 3):
 PSYoungGen      total 3584K, used 3274K [0x00000000d5580000, 0x00000000d5a00000, 0x0000000100000000)
  eden space 2560K, 100% used [0x00000000d5580000,0x00000000d5800000,0x00000000d5800000)
  from space 1024K, 69% used [0x00000000d5800000,0x00000000d58b2888,0x00000000d5900000)
  to   space 1024K, 0% used [0x00000000d5900000,0x00000000d5900000,0x00000000d5a00000)
 ParOldGen       total 178176K, used 177804K [0x0000000080000000, 0x000000008ae00000, 0x00000000d5580000)
  object space 178176K, 99% used [0x0000000080000000,0x000000008ada33a0,0x000000008ae00000)
 Metaspace       used 72517K, committed 74112K, reserved 1114112K
  class space    used 8981K, committed 9664K, reserved 1048576K
}
Event: 123.897 GC heap after
{Heap after GC invocations=387 (full 3):
 PSYoungGen      total 3584K, used 735K [0x00000000d5580000, 0x00000000d5a00000, 0x0000000100000000)
  eden space 2560K, 0% used [0x00000000d5580000,0x00000000d5580000,0x00000000d5800000)
  from space 1024K, 71% used [0x00000000d5900000,0x00000000d59b7ed0,0x00000000d5a00000)
  to   space 1024K, 0% used [0x00000000d5800000,0x00000000d5800000,0x00000000d5900000)
 ParOldGen       total 178688K, used 178368K [0x0000000080000000, 0x000000008ae80000, 0x00000000d5580000)
  object space 178688K, 99% used [0x0000000080000000,0x000000008ae303b8,0x000000008ae80000)
 Metaspace       used 72517K, committed 74112K, reserved 1114112K
  class space    used 8981K, committed 9664K, reserved 1048576K
}
Event: 123.906 GC heap before
{Heap before GC invocations=388 (full 3):
 PSYoungGen      total 3584K, used 3295K [0x00000000d5580000, 0x00000000d5a00000, 0x0000000100000000)
  eden space 2560K, 100% used [0x00000000d5580000,0x00000000d5800000,0x00000000d5800000)
  from space 1024K, 71% used [0x00000000d5900000,0x00000000d59b7ed0,0x00000000d5a00000)
  to   space 1024K, 0% used [0x00000000d5800000,0x00000000d5800000,0x00000000d5900000)
 ParOldGen       total 178688K, used 178368K [0x0000000080000000, 0x000000008ae80000, 0x00000000d5580000)
  object space 178688K, 99% used [0x0000000080000000,0x000000008ae303b8,0x000000008ae80000)
 Metaspace       used 72517K, committed 74112K, reserved 1114112K
  class space    used 8981K, committed 9664K, reserved 1048576K
}
Event: 123.908 GC heap after
{Heap after GC invocations=388 (full 3):
 PSYoungGen      total 3584K, used 680K [0x00000000d5580000, 0x00000000d5a00000, 0x0000000100000000)
  eden space 2560K, 0% used [0x00000000d5580000,0x00000000d5580000,0x00000000d5800000)
  from space 1024K, 66% used [0x00000000d5800000,0x00000000d58aa0f0,0x00000000d5900000)
  to   space 1024K, 0% used [0x00000000d5900000,0x00000000d5900000,0x00000000d5a00000)
 ParOldGen       total 179200K, used 178963K [0x0000000080000000, 0x000000008af00000, 0x00000000d5580000)
  object space 179200K, 99% used [0x0000000080000000,0x000000008aec4da8,0x000000008af00000)
 Metaspace       used 72517K, committed 74112K, reserved 1114112K
  class space    used 8981K, committed 9664K, reserved 1048576K
}

