# JRE version: OpenJDK Runtime Environment (21.0.5) (build 21.0.5+-13047016-b750.29)
# Java VM: OpenJDK 64-Bit Server VM (21.0.5+-13047016-b750.29, mixed mode, tiered, compressed oops, compressed class ptrs, g1 gc, windows-amd64)
GC Precious Log:
 CardTable entry size: 512
 Card Set container configuration: InlinePtr #cards 4 size 8 Array Of Cards #cards 32 size 80 Howl #buckets 8 coarsen threshold 7372 Howl Bitmap #cards 1024 size 144 coarsen threshold 921 Card regions per heap region 1 cards per card region 8192
 CPUs: 12 total, 12 available
 Memory: 15763M
 Large Page Support: Disabled
 NUMA Support: Disabled
 Compressed Oops: Enabled (Zero based)
 Heap Region Size: 4M
 Heap Min Capacity: 8M
 Heap Initial Capacity: 248M
 Heap Max Capacity: 8G
 Pre-touch: Disabled
 Parallel Workers: 10
 Concurrent Workers: 3
 Concurrent Refinement Workers: 10
 Periodic GC: Disabled
Heap:
 garbage-first heap   total 122880K, used 99453K [0x0000000600000000, 0x0000000800000000)
  region size 4096K, 13 young (53248K), 2 survivors (8192K)
 Metaspace       used 59305K, committed 60800K, reserved 491520K
  class space    used 7987K, committed 8704K, reserved 425984K
GC Heap History (20 events):
Event: 0.852 GC heap before
{Heap before GC invocations=1 (full 0):
 garbage-first heap   total 253952K, used 42401K [0x0000000600000000, 0x0000000800000000)
  region size 4096K, 11 young (45056K), 1 survivors (4096K)
 Metaspace       used 12166K, committed 12416K, reserved 491520K
  class space    used 1283K, committed 1408K, reserved 425984K
}
Event: 0.855 GC heap after
{Heap after GC invocations=2 (full 0):
 garbage-first heap   total 253952K, used 12066K [0x0000000600000000, 0x0000000800000000)
  region size 4096K, 2 young (8192K), 2 survivors (8192K)
 Metaspace       used 12166K, committed 12416K, reserved 491520K
  class space    used 1283K, committed 1408K, reserved 425984K
}
Event: 1.275 GC heap before
{Heap before GC invocations=2 (full 0):
 garbage-first heap   total 253952K, used 57122K [0x0000000600000000, 0x0000000800000000)
  region size 4096K, 13 young (53248K), 2 survivors (8192K)
 Metaspace       used 14650K, committed 14848K, reserved 491520K
  class space    used 1600K, committed 1728K, reserved 425984K
}
Event: 1.281 GC heap after
{Heap after GC invocations=3 (full 0):
 garbage-first heap   total 253952K, used 17829K [0x0000000600000000, 0x0000000800000000)
  region size 4096K, 2 young (8192K), 2 survivors (8192K)
 Metaspace       used 14650K, committed 14848K, reserved 491520K
  class space    used 1600K, committed 1728K, reserved 425984K
}
Event: 2.761 GC heap before
{Heap before GC invocations=3 (full 0):
 garbage-first heap   total 253952K, used 42405K [0x0000000600000000, 0x0000000800000000)
  region size 4096K, 9 young (36864K), 2 survivors (8192K)
 Metaspace       used 21149K, committed 21504K, reserved 491520K
  class space    used 2420K, committed 2624K, reserved 425984K
}
Event: 2.764 GC heap after
{Heap after GC invocations=4 (full 0):
 garbage-first heap   total 253952K, used 20357K [0x0000000600000000, 0x0000000800000000)
  region size 4096K, 3 young (12288K), 3 survivors (12288K)
 Metaspace       used 21149K, committed 21504K, reserved 491520K
  class space    used 2420K, committed 2624K, reserved 425984K
}
Event: 3.799 GC heap before
{Heap before GC invocations=5 (full 0):
 garbage-first heap   total 81920K, used 77701K [0x0000000600000000, 0x0000000800000000)
  region size 4096K, 17 young (69632K), 3 survivors (12288K)
 Metaspace       used 29874K, committed 30528K, reserved 491520K
  class space    used 3814K, committed 4096K, reserved 425984K
}
Event: 3.804 GC heap after
{Heap after GC invocations=6 (full 0):
 garbage-first heap   total 94208K, used 23506K [0x0000000600000000, 0x0000000800000000)
  region size 4096K, 3 young (12288K), 3 survivors (12288K)
 Metaspace       used 29874K, committed 30528K, reserved 491520K
  class space    used 3814K, committed 4096K, reserved 425984K
}
Event: 4.341 GC heap before
{Heap before GC invocations=6 (full 0):
 garbage-first heap   total 94208K, used 64466K [0x0000000600000000, 0x0000000800000000)
  region size 4096K, 13 young (53248K), 3 survivors (12288K)
 Metaspace       used 34998K, committed 35968K, reserved 491520K
  class space    used 4705K, committed 5184K, reserved 425984K
}
Event: 4.346 GC heap after
{Heap after GC invocations=7 (full 0):
 garbage-first heap   total 94208K, used 26469K [0x0000000600000000, 0x0000000800000000)
  region size 4096K, 2 young (8192K), 2 survivors (8192K)
 Metaspace       used 34998K, committed 35968K, reserved 491520K
  class space    used 4705K, committed 5184K, reserved 425984K
}
Event: 4.696 GC heap before
{Heap before GC invocations=7 (full 0):
 garbage-first heap   total 94208K, used 26469K [0x0000000600000000, 0x0000000800000000)
  region size 4096K, 3 young (12288K), 2 survivors (8192K)
 Metaspace       used 35072K, committed 35968K, reserved 491520K
  class space    used 4714K, committed 5184K, reserved 425984K
}
Event: 4.698 GC heap after
{Heap after GC invocations=8 (full 0):
 garbage-first heap   total 94208K, used 26876K [0x0000000600000000, 0x0000000800000000)
  region size 4096K, 1 young (4096K), 1 survivors (4096K)
 Metaspace       used 35072K, committed 35968K, reserved 491520K
  class space    used 4714K, committed 5184K, reserved 425984K
}
Event: 6.810 GC heap before
{Heap before GC invocations=9 (full 0):
 garbage-first heap   total 94208K, used 84220K [0x0000000600000000, 0x0000000800000000)
  region size 4096K, 13 young (53248K), 1 survivors (4096K)
 Metaspace       used 41443K, committed 42368K, reserved 491520K
  class space    used 5566K, committed 6016K, reserved 425984K
}
Event: 6.814 GC heap after
{Heap after GC invocations=10 (full 0):
 garbage-first heap   total 102400K, used 48308K [0x0000000600000000, 0x0000000800000000)
  region size 4096K, 2 young (8192K), 2 survivors (8192K)
 Metaspace       used 41443K, committed 42368K, reserved 491520K
  class space    used 5566K, committed 6016K, reserved 425984K
}
Event: 7.094 GC heap before
{Heap before GC invocations=10 (full 0):
 garbage-first heap   total 102400K, used 85172K [0x0000000600000000, 0x0000000800000000)
  region size 4096K, 11 young (45056K), 2 survivors (8192K)
 Metaspace       used 44414K, committed 45440K, reserved 491520K
  class space    used 6032K, committed 6528K, reserved 425984K
}
Event: 7.097 GC heap after
{Heap after GC invocations=11 (full 0):
 garbage-first heap   total 102400K, used 51297K [0x0000000600000000, 0x0000000800000000)
  region size 4096K, 1 young (4096K), 1 survivors (4096K)
 Metaspace       used 44414K, committed 45440K, reserved 491520K
  class space    used 6032K, committed 6528K, reserved 425984K
}
Event: 7.664 GC heap before
{Heap before GC invocations=11 (full 0):
 garbage-first heap   total 102400K, used 84065K [0x0000000600000000, 0x0000000800000000)
  region size 4096K, 10 young (40960K), 1 survivors (4096K)
 Metaspace       used 50380K, committed 51392K, reserved 491520K
  class space    used 6758K, committed 7232K, reserved 425984K
}
Event: 7.667 GC heap after
{Heap after GC invocations=12 (full 0):
 garbage-first heap   total 122880K, used 54855K [0x0000000600000000, 0x0000000800000000)
  region size 4096K, 2 young (8192K), 2 survivors (8192K)
 Metaspace       used 50380K, committed 51392K, reserved 491520K
  class space    used 6758K, committed 7232K, reserved 425984K
}
Event: 8.335 GC heap before
{Heap before GC invocations=13 (full 0):
 garbage-first heap   total 122880K, used 99911K [0x0000000600000000, 0x0000000800000000)
  region size 4096K, 14 young (57344K), 2 survivors (8192K)
 Metaspace       used 54442K, committed 55552K, reserved 491520K
  class space    used 7198K, committed 7744K, reserved 425984K
}
Event: 8.339 GC heap after
{Heap after GC invocations=14 (full 0):
 garbage-first heap   total 122880K, used 58493K [0x0000000600000000, 0x0000000800000000)
  region size 4096K, 2 young (8192K), 2 survivors (8192K)
 Metaspace       used 54442K, committed 55552K, reserved 491520K
  class space    used 7198K, committed 7744K, reserved 425984K
}

